qkdsqw_matmul:
pooling-matmul-batch4-hidden256-d128-fwd:
     N_CTX  Triton-fp16  Torch-fp16
0   1024.0     0.215222    0.308804
1   2048.0     0.205533    0.549682
2   4096.0     0.245814    1.053203
3   8192.0     0.498023    1.465476
4  16384.0     1.336366    2.694115
5  32768.0     2.685776    5.256079
6  65536.0     6.135194   10.864185


fused two matmul:
pooling-matmul-batch4-hidden256-d128-fwd:
     N_CTX  Triton-fp16  Torch-fp16
0   1024.0     0.120913    0.307357
1   2048.0     0.132190    0.547586
2   4096.0     0.221855    1.054165
3   8192.0     0.478018    1.465526
4  16384.0     1.334104    2.693179
5  32768.0     2.751488    5.253519
6  65536.0     6.514834   10.864868


fused matmul with downsample:
pooling-matmul-batch4-hidden256-d128-fwd:
     N_CTX  Triton-fp16  Torch-fp16
0   1024.0     0.126796    0.306714
1   2048.0     0.207849    0.546343
2   4096.0     0.391734    1.052956
3   8192.0     0.834458    1.464469
4  16384.0     1.982375    2.692681
5  32768.0     3.913856    5.250390
6  65536.0     8.553101   10.859861